<?xml version="1.0" encoding="UTF-8"?>
<!-- Generated by org.testng.reporters.JUnitReportReporter -->
<testsuite hostname="Win7Entx64VM" name="Teszt" tests="1" failures="0" timestamp="12 Jan 2017 08:23:06 GMT" time="55.678" errors="0">
  <testcase name="f" time="55.678" classname="Teszt"/>
</testsuite> <!-- Teszt -->
